<?xml version="1.0" encoding="UTF-8"?>
<!-- Generated by org.testng.reporters.JUnitXMLReporter -->
<testsuite ignored="0" hostname="BLR-159" failures="0" tests="2" name="EdgeBrowser Test" time="0.033" errors="0" timestamp="2023-06-08T23:27:38 IST">
  <testcase classname="testCases.TC_001_LogOut" name="logoutTest" time="0.0">
    <skipped/>
  </testcase> <!-- logoutTest -->
  <testcase classname="testCases.TC_002_AddLead" name="AddLead" time="0.0">
    <skipped/>
  </testcase> <!-- AddLead -->
</testsuite> <!-- EdgeBrowser Test -->
