<?xml version="1.0" encoding="UTF-8"?>
<!-- Generated by org.testng.reporters.JUnitXMLReporter -->
<testsuite ignored="0" hostname="BLR-159" failures="0" tests="7" name="Regression Testing" time="137.918" errors="0" timestamp="2023-09-06T18:50:26 IST">
  <testcase classname="testCases.TC_001_LogOut" name="logoutTest" time="5.639"/>
  <testcase classname="testCases.TC_002_AddLead" name="AddLead" time="6.84"/>
  <testcase classname="testCases.TC_003_DeleteLead" name="DeleteLeadTest" time="8.01"/>
  <testcase classname="testCases.TC_004_AddAgent" name="addadmin" time="8.257"/>
  <testcase classname="testCases.TC_005_AddAdmin" name="AddAdmin" time="6.925"/>
  <testcase classname="testCases.TC_006_AttachFile" name="AttachFile" time="7.361"/>
  <testcase classname="testCases.TC_007_AddComment" name="AddComment" time="8.331"/>
</testsuite> <!-- Regression Testing -->
