<?xml version="1.0" encoding="UTF-8"?>
<testng-results ignored="0" total="7" passed="7" failed="0" skipped="0">
  <reporter-output>
  </reporter-output>
  <suite started-at="2023-09-06T18:48:08 IST" name="Regression Suite" finished-at="2023-09-06T18:50:26 IST" duration-ms="137918">
    <groups>
    </groups>
    <test started-at="2023-09-06T18:48:08 IST" name="Regression Testing" finished-at="2023-09-06T18:50:26 IST" duration-ms="137918">
      <class name="testCases.TC_005_AddAdmin">
        <test-method is-config="true" signature="setup(java.lang.String)[pri:0, instance:testCases.TC_005_AddAdmin@459e9125]" started-at="2023-09-06T18:49:28 IST" name="setup" finished-at="2023-09-06T18:49:39 IST" duration-ms="11343" status="PASS">
          <params>
            <param index="0">
              <value>
                <![CDATA[chrome]]>
              </value>
            </param>
          </params>
          <reporter-output>
          </reporter-output>
        </test-method> <!-- setup -->
        <test-method signature="AddAdmin()[pri:5, instance:testCases.TC_005_AddAdmin@459e9125]" started-at="2023-09-06T18:49:39 IST" name="AddAdmin" finished-at="2023-09-06T18:49:46 IST" duration-ms="6925" status="PASS">
          <reporter-output>
          </reporter-output>
        </test-method> <!-- AddAdmin -->
        <test-method is-config="true" signature="logout()[pri:0, instance:testCases.TC_005_AddAdmin@459e9125]" started-at="2023-09-06T18:49:46 IST" name="logout" finished-at="2023-09-06T18:49:46 IST" duration-ms="638" status="PASS">
          <reporter-output>
          </reporter-output>
        </test-method> <!-- logout -->
      </class> <!-- testCases.TC_005_AddAdmin -->
      <class name="testCases.TC_004_AddAgent">
        <test-method is-config="true" signature="setup(java.lang.String)[pri:0, instance:testCases.TC_004_AddAgent@6f1de4c7]" started-at="2023-09-06T18:49:07 IST" name="setup" finished-at="2023-09-06T18:49:19 IST" duration-ms="11545" status="PASS">
          <params>
            <param index="0">
              <value>
                <![CDATA[chrome]]>
              </value>
            </param>
          </params>
          <reporter-output>
          </reporter-output>
        </test-method> <!-- setup -->
        <test-method signature="addadmin()[pri:4, instance:testCases.TC_004_AddAgent@6f1de4c7]" started-at="2023-09-06T18:49:19 IST" name="addadmin" finished-at="2023-09-06T18:49:27 IST" duration-ms="8257" status="PASS">
          <reporter-output>
          </reporter-output>
        </test-method> <!-- addadmin -->
        <test-method is-config="true" signature="logout()[pri:0, instance:testCases.TC_004_AddAgent@6f1de4c7]" started-at="2023-09-06T18:49:27 IST" name="logout" finished-at="2023-09-06T18:49:28 IST" duration-ms="436" status="PASS">
          <reporter-output>
          </reporter-output>
        </test-method> <!-- logout -->
      </class> <!-- testCases.TC_004_AddAgent -->
      <class name="testCases.TC_003_DeleteLead">
        <test-method is-config="true" signature="setup(java.lang.String)[pri:0, instance:testCases.TC_003_DeleteLead@5c6648b0]" started-at="2023-09-06T18:48:48 IST" name="setup" finished-at="2023-09-06T18:48:59 IST" duration-ms="10515" status="PASS">
          <params>
            <param index="0">
              <value>
                <![CDATA[chrome]]>
              </value>
            </param>
          </params>
          <reporter-output>
          </reporter-output>
        </test-method> <!-- setup -->
        <test-method signature="DeleteLeadTest()[pri:3, instance:testCases.TC_003_DeleteLead@5c6648b0]" started-at="2023-09-06T18:48:59 IST" name="DeleteLeadTest" finished-at="2023-09-06T18:49:07 IST" duration-ms="8010" status="PASS">
          <reporter-output>
          </reporter-output>
        </test-method> <!-- DeleteLeadTest -->
        <test-method is-config="true" signature="logout()[pri:0, instance:testCases.TC_003_DeleteLead@5c6648b0]" started-at="2023-09-06T18:49:07 IST" name="logout" finished-at="2023-09-06T18:49:07 IST" duration-ms="626" status="PASS">
          <reporter-output>
          </reporter-output>
        </test-method> <!-- logout -->
      </class> <!-- testCases.TC_003_DeleteLead -->
      <class name="testCases.TC_006_AttachFile">
        <test-method is-config="true" signature="setup(java.lang.String)[pri:0, instance:testCases.TC_006_AttachFile@128d2484]" started-at="2023-09-06T18:49:46 IST" name="setup" finished-at="2023-09-06T18:49:58 IST" duration-ms="11351" status="PASS">
          <params>
            <param index="0">
              <value>
                <![CDATA[chrome]]>
              </value>
            </param>
          </params>
          <reporter-output>
          </reporter-output>
        </test-method> <!-- setup -->
        <test-method signature="AttachFile()[pri:6, instance:testCases.TC_006_AttachFile@128d2484]" started-at="2023-09-06T18:49:58 IST" name="AttachFile" finished-at="2023-09-06T18:50:05 IST" duration-ms="7361" status="PASS">
          <reporter-output>
          </reporter-output>
        </test-method> <!-- AttachFile -->
        <test-method is-config="true" signature="logout()[pri:0, instance:testCases.TC_006_AttachFile@128d2484]" started-at="2023-09-06T18:50:05 IST" name="logout" finished-at="2023-09-06T18:50:06 IST" duration-ms="608" status="PASS">
          <reporter-output>
          </reporter-output>
        </test-method> <!-- logout -->
      </class> <!-- testCases.TC_006_AttachFile -->
      <class name="testCases.TC_007_AddComment">
        <test-method is-config="true" signature="setup(java.lang.String)[pri:0, instance:testCases.TC_007_AddComment@7cc0cdad]" started-at="2023-09-06T18:50:06 IST" name="setup" finished-at="2023-09-06T18:50:17 IST" duration-ms="11123" status="PASS">
          <params>
            <param index="0">
              <value>
                <![CDATA[chrome]]>
              </value>
            </param>
          </params>
          <reporter-output>
          </reporter-output>
        </test-method> <!-- setup -->
        <test-method signature="AddComment()[pri:7, instance:testCases.TC_007_AddComment@7cc0cdad]" started-at="2023-09-06T18:50:17 IST" name="AddComment" finished-at="2023-09-06T18:50:25 IST" duration-ms="8331" status="PASS">
          <reporter-output>
          </reporter-output>
        </test-method> <!-- AddComment -->
        <test-method is-config="true" signature="logout()[pri:0, instance:testCases.TC_007_AddComment@7cc0cdad]" started-at="2023-09-06T18:50:25 IST" name="logout" finished-at="2023-09-06T18:50:26 IST" duration-ms="535" status="PASS">
          <reporter-output>
          </reporter-output>
        </test-method> <!-- logout -->
      </class> <!-- testCases.TC_007_AddComment -->
      <class name="testCases.TC_001_LogOut">
        <test-method is-config="true" signature="setup(java.lang.String)[pri:0, instance:testCases.TC_001_LogOut@145f66e3]" started-at="2023-09-06T18:48:08 IST" name="setup" finished-at="2023-09-06T18:48:23 IST" duration-ms="14950" status="PASS">
          <params>
            <param index="0">
              <value>
                <![CDATA[chrome]]>
              </value>
            </param>
          </params>
          <reporter-output>
          </reporter-output>
        </test-method> <!-- setup -->
        <test-method signature="logoutTest()[pri:1, instance:testCases.TC_001_LogOut@145f66e3]" started-at="2023-09-06T18:48:23 IST" name="logoutTest" finished-at="2023-09-06T18:48:29 IST" duration-ms="5639" status="PASS">
          <reporter-output>
          </reporter-output>
        </test-method> <!-- logoutTest -->
        <test-method is-config="true" signature="logout()[pri:0, instance:testCases.TC_001_LogOut@145f66e3]" started-at="2023-09-06T18:48:29 IST" name="logout" finished-at="2023-09-06T18:48:29 IST" duration-ms="272" status="PASS">
          <reporter-output>
          </reporter-output>
        </test-method> <!-- logout -->
      </class> <!-- testCases.TC_001_LogOut -->
      <class name="testCases.TC_002_AddLead">
        <test-method is-config="true" signature="setup(java.lang.String)[pri:0, instance:testCases.TC_002_AddLead@2a4fb17b]" started-at="2023-09-06T18:48:29 IST" name="setup" finished-at="2023-09-06T18:48:41 IST" duration-ms="12245" status="PASS">
          <params>
            <param index="0">
              <value>
                <![CDATA[chrome]]>
              </value>
            </param>
          </params>
          <reporter-output>
          </reporter-output>
        </test-method> <!-- setup -->
        <test-method signature="AddLead()[pri:2, instance:testCases.TC_002_AddLead@2a4fb17b]" started-at="2023-09-06T18:48:41 IST" name="AddLead" finished-at="2023-09-06T18:48:48 IST" duration-ms="6840" status="PASS">
          <reporter-output>
          </reporter-output>
        </test-method> <!-- AddLead -->
        <test-method is-config="true" signature="logout()[pri:0, instance:testCases.TC_002_AddLead@2a4fb17b]" started-at="2023-09-06T18:48:48 IST" name="logout" finished-at="2023-09-06T18:48:48 IST" duration-ms="258" status="PASS">
          <reporter-output>
          </reporter-output>
        </test-method> <!-- logout -->
      </class> <!-- testCases.TC_002_AddLead -->
    </test> <!-- Regression Testing -->
  </suite> <!-- Regression Suite -->
</testng-results>
